app/build/intermediates/manifest_merge_blame_file/release/manifest-merger-blame-release-report.txt
1<?xml version="1.0" encoding="utf-8"?>
2<manifest xmlns:android="http://schemas.android.com/apk/res/android"
3    package="com.ticketpro.parking"
4    android:versionCode="50"
5    android:versionName="4.3.97" >
6
7    <uses-sdk
8        android:minSdkVersion="26"
8-->src/main/AndroidManifest.xml
9        android:targetSdkVersion="29" />
9-->src/main/AndroidManifest.xml
10
11    <permission
11-->src/main/AndroidManifest.xml:6:5-9:44
12        android:name="android.permission.FLASHLIGHT"
12-->src/main/AndroidManifest.xml:7:9-53
13        android:permissionGroup="android.permission-group.HARDWARE_CONTROLS"
13-->src/main/AndroidManifest.xml:8:9-77
14        android:protectionLevel="normal" />
14-->src/main/AndroidManifest.xml:9:9-41
15    <permission
15-->src/main/AndroidManifest.xml:10:5-12:47
16        android:name="com.ticketpro.parking.permission.C2D_MESSAGE"
16-->src/main/AndroidManifest.xml:11:9-68
17        android:protectionLevel="signature" />
17-->src/main/AndroidManifest.xml:12:9-44
18    <permission
18-->src/main/AndroidManifest.xml:13:5-15:47
19        android:name="com.ticketpro.parking.permission.MAPS_RECEIVE"
19-->src/main/AndroidManifest.xml:14:9-69
20        android:protectionLevel="signature" />
20-->src/main/AndroidManifest.xml:15:9-44
21
22    <uses-feature
22-->src/main/AndroidManifest.xml:17:5-19:36
23        android:name="android.hardware.camera2"
23-->src/main/AndroidManifest.xml:18:9-48
24        android:required="false" />
24-->src/main/AndroidManifest.xml:19:9-33
25    <uses-feature
25-->src/main/AndroidManifest.xml:20:5-22:36
26        android:name="android.hardware.camera"
26-->src/main/AndroidManifest.xml:21:9-47
27        android:required="true" />
27-->src/main/AndroidManifest.xml:22:9-33
28    <uses-feature
28-->src/main/AndroidManifest.xml:23:5-25:36
29        android:name="android.hardware.camera.autofocus"
29-->src/main/AndroidManifest.xml:24:9-57
30        android:required="false" />
30-->src/main/AndroidManifest.xml:25:9-33
31    <uses-feature
31-->src/main/AndroidManifest.xml:26:5-28:36
32        android:name="android.hardware.camera.flash"
32-->src/main/AndroidManifest.xml:27:9-53
33        android:required="false" />
33-->src/main/AndroidManifest.xml:28:9-33
34    <uses-feature android:name="android.hardware.camera.front" />
34-->src/main/AndroidManifest.xml:29:5-66
34-->src/main/AndroidManifest.xml:29:19-63
35    <uses-feature
35-->src/main/AndroidManifest.xml:30:5-32:35
36        android:glEsVersion="0x00020000"
36-->src/main/AndroidManifest.xml:31:9-41
37        android:required="true" />
37-->src/main/AndroidManifest.xml:32:9-32
38
39    <uses-permission android:name="android.permission.INTERNET" />
39-->src/main/AndroidManifest.xml:34:5-67
39-->src/main/AndroidManifest.xml:34:22-64
40    <uses-permission android:name="android.permission.BLUETOOTH" />
40-->src/main/AndroidManifest.xml:35:5-68
40-->src/main/AndroidManifest.xml:35:22-65
41    <uses-permission android:name="android.permission.BLUETOOTH_ADMIN" />
41-->src/main/AndroidManifest.xml:36:5-74
41-->src/main/AndroidManifest.xml:36:22-71
42    <uses-permission android:name="android.permission.READ_PHONE_STATE" />
42-->src/main/AndroidManifest.xml:37:5-75
42-->src/main/AndroidManifest.xml:37:22-72
43    <uses-permission android:name="android.Manifest.permission.READ_PRIVILEGED_PHONE_STATE" />
43-->src/main/AndroidManifest.xml:38:5-95
43-->src/main/AndroidManifest.xml:38:22-92
44    <uses-permission android:name="android.permission.FOREGROUND_SERVICE" />
44-->src/main/AndroidManifest.xml:39:5-77
44-->src/main/AndroidManifest.xml:39:22-74
45    <uses-permission android:name="android.permission.ACCESS_NETWORK_STATE" />
45-->src/main/AndroidManifest.xml:40:5-79
45-->src/main/AndroidManifest.xml:40:22-76
46    <uses-permission android:name="android.permission.ACCESS_FINE_LOCATION" />
46-->src/main/AndroidManifest.xml:41:5-79
46-->src/main/AndroidManifest.xml:41:22-76
47    <uses-permission android:name="android.permission.ACCESS_COARSE_LOCATION" />
47-->src/main/AndroidManifest.xml:42:5-81
47-->src/main/AndroidManifest.xml:42:22-78
48    <uses-permission android:name="android.permission.ACCESS_WIFI_STATE" />
48-->src/main/AndroidManifest.xml:43:5-76
48-->src/main/AndroidManifest.xml:43:22-73
49    <uses-permission android:name="android.permission.CAMERA" />
49-->src/main/AndroidManifest.xml:44:5-65
49-->src/main/AndroidManifest.xml:44:22-62
50    <uses-permission android:name="android.permission.READ_PRIVILEGED_PHONE_STATE" />
50-->src/main/AndroidManifest.xml:45:5-47:47
50-->src/main/AndroidManifest.xml:46:9-70
51    <uses-permission android:name="android.permission.RECEIVE_BOOT_COMPLETED" />
51-->src/main/AndroidManifest.xml:48:5-81
51-->src/main/AndroidManifest.xml:48:22-78
52    <uses-permission android:name="android.permission.RECORD_AUDIO" />
52-->src/main/AndroidManifest.xml:49:5-71
52-->src/main/AndroidManifest.xml:49:22-68
53    <uses-permission android:name="android.permission.FLASHLIGHT" />
53-->src/main/AndroidManifest.xml:50:5-69
53-->src/main/AndroidManifest.xml:50:22-66
54    <uses-permission android:name="android.permission.VIBRATE" /> <!-- Sync Adapter Permissions -->
54-->src/main/AndroidManifest.xml:51:5-66
54-->src/main/AndroidManifest.xml:51:22-63
55    <uses-permission android:name="android.permission.GET_TASKS" />
55-->src/main/AndroidManifest.xml:52:5-68
55-->src/main/AndroidManifest.xml:52:22-65
56    <uses-permission android:name="android.permission.CALL_PHONE" />
56-->src/main/AndroidManifest.xml:53:5-69
56-->src/main/AndroidManifest.xml:53:22-66
57    <uses-permission android:name="com.android.launcher.permission.INSTALL_SHORTCUT" /> <!-- Permissions for GCM -->
57-->src/main/AndroidManifest.xml:54:5-88
57-->src/main/AndroidManifest.xml:54:22-85
58    <uses-permission android:name="com.android.launcher.permission.UNINSTALL_SHORTCUT" />
58-->src/main/AndroidManifest.xml:55:5-90
58-->src/main/AndroidManifest.xml:55:22-87
59    <uses-permission android:name="android.permission.BROADCAST_PACKAGE_ADDED" />
59-->src/main/AndroidManifest.xml:56:5-82
59-->src/main/AndroidManifest.xml:56:22-79
60    <uses-permission android:name="android.permission.BROADCAST_PACKAGE_CHANGED" />
60-->src/main/AndroidManifest.xml:57:5-84
60-->src/main/AndroidManifest.xml:57:22-81
61    <uses-permission android:name="android.permission.BROADCAST_PACKAGE_INSTALL" />
61-->src/main/AndroidManifest.xml:58:5-84
61-->src/main/AndroidManifest.xml:58:22-81
62    <uses-permission android:name="android.permission.BROADCAST_PACKAGE_REPLACED" />
62-->src/main/AndroidManifest.xml:59:5-85
62-->src/main/AndroidManifest.xml:59:22-82
63    <uses-permission android:name="android.permission.READ_INTERNAL_STORAGE" />
63-->src/main/AndroidManifest.xml:60:5-80
63-->src/main/AndroidManifest.xml:60:22-77
64    <uses-permission android:name="android.permission.WRITE_SYNC_SETTINGS" />
64-->src/main/AndroidManifest.xml:61:5-78
64-->src/main/AndroidManifest.xml:61:22-75
65    <uses-permission android:name="android.permission.READ_SYNC_SETTINGS" />
65-->src/main/AndroidManifest.xml:62:5-77
65-->src/main/AndroidManifest.xml:62:22-74
66    <uses-permission android:name="android.permission.READ_SYNC_STATS" />
66-->src/main/AndroidManifest.xml:63:5-74
66-->src/main/AndroidManifest.xml:63:22-71
67    <uses-permission android:name="android.permission.AUTHENTICATE_ACCOUNTS" />
67-->src/main/AndroidManifest.xml:64:5-80
67-->src/main/AndroidManifest.xml:64:22-77
68    <uses-permission android:name="android.permission.GET_ACCOUNTS" /> <!-- GoogleMaps V2 -->
68-->src/main/AndroidManifest.xml:65:5-71
68-->src/main/AndroidManifest.xml:65:22-68
69    <uses-permission android:name="android.permission.WAKE_LOCK" />
69-->src/main/AndroidManifest.xml:66:5-68
69-->src/main/AndroidManifest.xml:66:22-65
70    <uses-permission android:name="com.google.android.c2dm.permission.RECEIVE" />
70-->src/main/AndroidManifest.xml:67:5-82
70-->src/main/AndroidManifest.xml:67:22-79
71    <uses-permission android:name="com.ticketpro.parking.permission.C2D_MESSAGE" />
71-->src/main/AndroidManifest.xml:68:5-84
71-->src/main/AndroidManifest.xml:68:22-81
72    <uses-permission android:name="com.ticketpro.parking.permission.MAPS_RECEIVE" />
72-->src/main/AndroidManifest.xml:69:5-85
72-->src/main/AndroidManifest.xml:69:22-82
73    <uses-permission android:name="com.google.android.providers.gsf.permission.READ_GSERVICES" />
73-->src/main/AndroidManifest.xml:70:5-98
73-->src/main/AndroidManifest.xml:70:22-95
74    <uses-permission android:name="android.permission.READ_EXTERNAL_STORAGE" />
74-->src/main/AndroidManifest.xml:71:5-80
74-->src/main/AndroidManifest.xml:71:22-77
75    <uses-permission android:name="android.permission.REQUEST_INSTALL_PACKAGES" />
75-->src/main/AndroidManifest.xml:72:5-83
75-->src/main/AndroidManifest.xml:72:22-80
76    <uses-permission android:name="android.permission.VIBRATE" />
76-->src/main/AndroidManifest.xml:51:5-66
76-->src/main/AndroidManifest.xml:51:22-63
77    <uses-permission android:name="android.permission.WRITE_EXTERNAL_STORAGE" />
77-->src/main/AndroidManifest.xml:74:5-76:40
77-->src/main/AndroidManifest.xml:75:9-65
78    <uses-permission android:name="android.permission.MANAGE_EXTERNAL_STORAGE" />
78-->src/main/AndroidManifest.xml:77:5-79:40
78-->src/main/AndroidManifest.xml:78:9-66
79    <uses-permission android:name="android.permission.READ_CONTACTS" />
79-->[:zXingLibrary] AndroidManifest.xml:31:5-72
79-->[:zXingLibrary] AndroidManifest.xml:31:22-69
80    <uses-permission android:name="com.android.browser.permission.READ_HISTORY_BOOKMARKS" />
80-->[:zXingLibrary] AndroidManifest.xml:32:5-93
80-->[:zXingLibrary] AndroidManifest.xml:32:22-90
81    <uses-permission android:name="android.permission.CHANGE_WIFI_STATE" />
81-->[:zXingLibrary] AndroidManifest.xml:34:5-76
81-->[:zXingLibrary] AndroidManifest.xml:34:22-73
82
83    <uses-feature android:name="android.hardware.screen.landscape" />
83-->[:zXingLibrary] AndroidManifest.xml:52:5-70
83-->[:zXingLibrary] AndroidManifest.xml:52:19-67
84    <uses-feature
84-->[:zXingLibrary] AndroidManifest.xml:53:5-55:36
85        android:name="android.hardware.wifi"
85-->[:zXingLibrary] AndroidManifest.xml:54:9-45
86        android:required="false" /> <!-- This excludes Google TV, which is unfortunately included by virtue of not requiring a camera -->
86-->[:zXingLibrary] AndroidManifest.xml:55:9-33
87    <uses-feature android:name="android.hardware.touchscreen" /> <!-- TODO make this not required again after android.hardware.camera.any is available -->
87-->[:zXingLibrary] AndroidManifest.xml:57:5-65
87-->[:zXingLibrary] AndroidManifest.xml:57:19-62
88    <!-- Donut-specific flags which allow us to run on any dpi screens. -->
89    <supports-screens
89-->[:zXingLibrary] AndroidManifest.xml:62:5-67:40
90        android:anyDensity="true"
90-->[:zXingLibrary] AndroidManifest.xml:63:9-34
91        android:largeScreens="true"
91-->[:zXingLibrary] AndroidManifest.xml:64:9-36
92        android:normalScreens="true"
92-->[:zXingLibrary] AndroidManifest.xml:65:9-37
93        android:resizeable="true"
93-->[:pdf417ScanActivity] AndroidManifest.xml:16:9-34
94        android:smallScreens="true"
94-->[:zXingLibrary] AndroidManifest.xml:66:9-36
95        android:xlargeScreens="true" />
95-->[:zXingLibrary] AndroidManifest.xml:67:9-37
96
97    <uses-permission android:name="android.permission.READ_CALL_LOG" />
98
99    <uses-feature android:name="android.hardware.location.gps" />
99-->[:gpslibrary] AndroidManifest.xml:14:5-66
99-->[:gpslibrary] AndroidManifest.xml:14:19-63
100
101    <queries>
101-->[com.google.android.gms:play-services-maps:17.0.1] AndroidManifest.xml:30:5-34:15
102
103        <!-- Needs to be explicitly declared on Android R+ -->
104        <package android:name="com.google.android.apps.maps" />
104-->[com.google.android.gms:play-services-maps:17.0.1] AndroidManifest.xml:33:9-64
104-->[com.google.android.gms:play-services-maps:17.0.1] AndroidManifest.xml:33:18-61
105    </queries>
106
107    <uses-permission android:name="com.google.android.finsky.permission.BIND_GET_INSTALL_REFERRER_SERVICE" /> <!-- Include required permissions for Advertising Id -->
107-->[com.google.android.gms:play-services-measurement:20.0.2] AndroidManifest.xml:26:5-110
107-->[com.google.android.gms:play-services-measurement:20.0.2] AndroidManifest.xml:26:22-107
108    <uses-permission android:name="com.google.android.gms.permission.AD_ID" />
108-->[com.google.android.gms:play-services-ads-identifier:18.0.0] AndroidManifest.xml:23:5-79
108-->[com.google.android.gms:play-services-ads-identifier:18.0.0] AndroidManifest.xml:23:22-76
109
110    <application
110-->src/main/AndroidManifest.xml:81:5-989:19
111        android:name="com.ticketpro.parking.activity.TPApplication"
111-->src/main/AndroidManifest.xml:82:9-47
112        android:allowBackup="false"
112-->src/main/AndroidManifest.xml:83:9-36
113        android:appComponentFactory="androidx.core.app.CoreComponentFactory"
113-->[androidx.core:core:1.6.0] AndroidManifest.xml:24:18-86
114        android:extractNativeLibs="false"
115        android:hardwareAccelerated="true"
115-->src/main/AndroidManifest.xml:84:9-43
116        android:icon="@drawable/icon"
116-->src/main/AndroidManifest.xml:85:9-38
117        android:label="@string/app_name"
117-->src/main/AndroidManifest.xml:86:9-41
118        android:largeHeap="true"
118-->src/main/AndroidManifest.xml:87:9-33
119        android:logo="@drawable/launcher_icon"
119-->[:zXingLibrary] AndroidManifest.xml:74:9-47
120        android:requestLegacyExternalStorage="true"
120-->src/main/AndroidManifest.xml:88:9-52
121        android:supportsRtl="true"
121-->[com.gdacciaro:iosdialog:1.0.3] AndroidManifest.xml:14:9-35
122        android:usesCleartextTraffic="true" >
122-->src/main/AndroidManifest.xml:89:9-44
123        <activity
123-->src/main/AndroidManifest.xml:92:9-97:40
124            android:name="com.ticketpro.vendors.SpPlusZoneInfoActivity"
124-->src/main/AndroidManifest.xml:93:13-72
125            android:exported="false"
125-->src/main/AndroidManifest.xml:97:13-37
126            android:label="@string/app_name"
126-->src/main/AndroidManifest.xml:94:13-45
127            android:screenOrientation="portrait"
127-->src/main/AndroidManifest.xml:95:13-49
128            android:theme="@android:style/Theme.Black.NoTitleBar" />
128-->src/main/AndroidManifest.xml:96:13-66
129        <activity
129-->src/main/AndroidManifest.xml:98:9-103:40
130            android:name="com.ticketpro.vendors.SpPlusZoneActivity"
130-->src/main/AndroidManifest.xml:99:13-68
131            android:exported="false"
131-->src/main/AndroidManifest.xml:103:13-37
132            android:label="@string/app_name"
132-->src/main/AndroidManifest.xml:100:13-45
133            android:screenOrientation="portrait"
133-->src/main/AndroidManifest.xml:101:13-49
134            android:theme="@android:style/Theme.Black.NoTitleBar" />
134-->src/main/AndroidManifest.xml:102:13-66
135        <activity
135-->src/main/AndroidManifest.xml:104:9-107:65
136            android:name="com.ticketpro.parking.syncbackup.syncactivity.NewSyncBackup"
136-->src/main/AndroidManifest.xml:105:13-66
137            android:exported="false"
137-->src/main/AndroidManifest.xml:106:13-37
138            android:theme="@style/Theme.AppCompat.NoActionBar" />
138-->src/main/AndroidManifest.xml:107:13-63
139        <activity
139-->src/main/AndroidManifest.xml:110:9-112:40
140            android:name="com.ticketpro.parking.MainActivity"
140-->src/main/AndroidManifest.xml:111:13-41
141            android:exported="false" />
141-->src/main/AndroidManifest.xml:112:13-37
142        <!--
143            <activity
144            android:name="com.ticketpro.parking.dar.DarAssignmentActivity"
145            android:exported="false"
146            android:theme="@style/Theme.AppCompat.NoActionBar" />
147        -->
148        <activity
148-->src/main/AndroidManifest.xml:117:9-120:75
149            android:name="com.ticketpro.parking.dar.ScheduleShift"
149-->src/main/AndroidManifest.xml:118:13-46
150            android:exported="false"
150-->src/main/AndroidManifest.xml:119:13-37
151            android:theme="@style/Theme.AppCompat.DayNight.NoActionBar" />
151-->src/main/AndroidManifest.xml:120:13-72
152        <activity
152-->src/main/AndroidManifest.xml:121:9-124:66
153            android:name="com.ticketpro.parking.dar.VehicleMaintainance"
153-->src/main/AndroidManifest.xml:122:13-52
154            android:exported="false"
154-->src/main/AndroidManifest.xml:123:13-37
155            android:theme="@style/Theme.AppCompat.NoActionBar" />
155-->src/main/AndroidManifest.xml:124:13-63
156        <activity
156-->src/main/AndroidManifest.xml:125:9-129:57
157            android:name="com.ticketpro.parking.activity.ViewImageActivity"
157-->src/main/AndroidManifest.xml:126:13-55
158            android:exported="false"
158-->src/main/AndroidManifest.xml:127:13-37
159            android:theme="@style/Theme.AppCompat.NoActionBar"
159-->src/main/AndroidManifest.xml:128:13-63
160            android:windowSoftInputMode="stateHidden" />
160-->src/main/AndroidManifest.xml:129:13-54
161        <activity
161-->src/main/AndroidManifest.xml:130:9-132:40
162            android:name="com.ticketpro.parking.dar.DarVehiclelistNewActivity"
162-->src/main/AndroidManifest.xml:131:13-58
163            android:exported="false" />
163-->src/main/AndroidManifest.xml:132:13-37
164        <activity
164-->src/main/AndroidManifest.xml:133:9-137:60
165            android:name="com.ticketpro.parking.activity.DarDeviceSearchActivity"
165-->src/main/AndroidManifest.xml:134:13-61
166            android:exported="false"
166-->src/main/AndroidManifest.xml:135:13-37
167            android:screenOrientation="portrait"
167-->src/main/AndroidManifest.xml:136:13-49
168            android:theme="@style/Theme.AppCompat.Light" />
168-->src/main/AndroidManifest.xml:137:13-57
169        <activity
169-->src/main/AndroidManifest.xml:139:9-143:69
170            android:name="com.ticketpro.parking.dar.DarAssignmentActivity"
170-->src/main/AndroidManifest.xml:140:13-54
171            android:exported="true"
171-->src/main/AndroidManifest.xml:141:13-36
172            android:screenOrientation="portrait"
172-->src/main/AndroidManifest.xml:142:13-49
173            android:theme="@android:style/Theme.Black.NoTitleBar" />
173-->src/main/AndroidManifest.xml:143:13-66
174        <activity
174-->src/main/AndroidManifest.xml:144:9-146:40
175            android:name="com.ticketpro.parking.DarZoomImageView"
175-->src/main/AndroidManifest.xml:145:13-45
176            android:exported="false" />
176-->src/main/AndroidManifest.xml:146:13-37
177        <activity
177-->src/main/AndroidManifest.xml:147:9-151:69
178            android:name="com.ticketpro.parking.dar.SeniorDuties"
178-->src/main/AndroidManifest.xml:148:13-45
179            android:exported="false"
179-->src/main/AndroidManifest.xml:149:13-37
180            android:screenOrientation="portrait"
180-->src/main/AndroidManifest.xml:150:13-49
181            android:theme="@android:style/Theme.Black.NoTitleBar" />
181-->src/main/AndroidManifest.xml:151:13-66
182        <activity
182-->src/main/AndroidManifest.xml:152:9-156:69
183            android:name="com.ticketpro.parking.dar.Flayer"
183-->src/main/AndroidManifest.xml:153:13-39
184            android:exported="false"
184-->src/main/AndroidManifest.xml:154:13-37
185            android:screenOrientation="portrait"
185-->src/main/AndroidManifest.xml:155:13-49
186            android:theme="@android:style/Theme.Black.NoTitleBar" />
186-->src/main/AndroidManifest.xml:156:13-66
187        <activity
187-->src/main/AndroidManifest.xml:157:9-161:69
188            android:name="com.ticketpro.parking.dar.Training"
188-->src/main/AndroidManifest.xml:158:13-41
189            android:exported="false"
189-->src/main/AndroidManifest.xml:159:13-37
190            android:screenOrientation="portrait"
190-->src/main/AndroidManifest.xml:160:13-49
191            android:theme="@android:style/Theme.Black.NoTitleBar" />
191-->src/main/AndroidManifest.xml:161:13-66
192        <activity
192-->src/main/AndroidManifest.xml:162:9-166:69
193            android:name="com.ticketpro.parking.dar.RideAlong"
193-->src/main/AndroidManifest.xml:163:13-42
194            android:exported="false"
194-->src/main/AndroidManifest.xml:164:13-37
195            android:screenOrientation="portrait"
195-->src/main/AndroidManifest.xml:165:13-49
196            android:theme="@android:style/Theme.Black.NoTitleBar" />
196-->src/main/AndroidManifest.xml:166:13-66
197        <activity
197-->src/main/AndroidManifest.xml:167:9-171:69
198            android:name="com.ticketpro.parking.dar.CommunityMeeting"
198-->src/main/AndroidManifest.xml:168:13-49
199            android:exported="false"
199-->src/main/AndroidManifest.xml:169:13-37
200            android:screenOrientation="portrait"
200-->src/main/AndroidManifest.xml:170:13-49
201            android:theme="@android:style/Theme.Black.NoTitleBar" />
201-->src/main/AndroidManifest.xml:171:13-66
202        <activity
202-->src/main/AndroidManifest.xml:172:9-176:69
203            android:name="com.ticketpro.parking.dar.DisinfectingListView"
203-->src/main/AndroidManifest.xml:173:13-53
204            android:exported="false"
204-->src/main/AndroidManifest.xml:174:13-37
205            android:screenOrientation="portrait"
205-->src/main/AndroidManifest.xml:175:13-49
206            android:theme="@android:style/Theme.Black.NoTitleBar" />
206-->src/main/AndroidManifest.xml:176:13-66
207        <activity
207-->src/main/AndroidManifest.xml:177:9-181:69
208            android:name="com.ticketpro.parking.dar.VDRListView"
208-->src/main/AndroidManifest.xml:178:13-44
209            android:exported="false"
209-->src/main/AndroidManifest.xml:179:13-37
210            android:screenOrientation="portrait"
210-->src/main/AndroidManifest.xml:180:13-49
211            android:theme="@android:style/Theme.Black.NoTitleBar" />
211-->src/main/AndroidManifest.xml:181:13-66
212        <activity
212-->src/main/AndroidManifest.xml:182:9-186:69
213            android:name="com.ticketpro.parking.dar.DarPPZ"
213-->src/main/AndroidManifest.xml:183:13-39
214            android:exported="false"
214-->src/main/AndroidManifest.xml:184:13-37
215            android:screenOrientation="portrait"
215-->src/main/AndroidManifest.xml:185:13-49
216            android:theme="@android:style/Theme.Black.NoTitleBar" />
216-->src/main/AndroidManifest.xml:186:13-66
217        <activity
217-->src/main/AndroidManifest.xml:187:9-191:69
218            android:name="com.ticketpro.parking.dar.OffStreetPatrol"
218-->src/main/AndroidManifest.xml:188:13-48
219            android:exported="false"
219-->src/main/AndroidManifest.xml:189:13-37
220            android:screenOrientation="portrait"
220-->src/main/AndroidManifest.xml:190:13-49
221            android:theme="@android:style/Theme.Black.NoTitleBar" />
221-->src/main/AndroidManifest.xml:191:13-66
222        <activity
222-->src/main/AndroidManifest.xml:192:9-196:69
223            android:name="com.ticketpro.parking.dar.Enforcement"
223-->src/main/AndroidManifest.xml:193:13-44
224            android:exported="false"
224-->src/main/AndroidManifest.xml:194:13-37
225            android:screenOrientation="portrait"
225-->src/main/AndroidManifest.xml:195:13-49
226            android:theme="@android:style/Theme.Black.NoTitleBar" />
226-->src/main/AndroidManifest.xml:196:13-66
227        <activity
227-->src/main/AndroidManifest.xml:197:9-201:69
228            android:name="com.ticketpro.parking.dar.DarEquipmentNew"
228-->src/main/AndroidManifest.xml:198:13-48
229            android:exported="false"
229-->src/main/AndroidManifest.xml:199:13-37
230            android:screenOrientation="portrait"
230-->src/main/AndroidManifest.xml:200:13-49
231            android:theme="@android:style/Theme.Black.NoTitleBar" />
231-->src/main/AndroidManifest.xml:201:13-66
232        <activity
232-->src/main/AndroidManifest.xml:202:9-206:69
233            android:name="com.ticketpro.parking.dar.ServiceRequest"
233-->src/main/AndroidManifest.xml:203:13-47
234            android:exported="false"
234-->src/main/AndroidManifest.xml:204:13-37
235            android:screenOrientation="portrait"
235-->src/main/AndroidManifest.xml:205:13-49
236            android:theme="@android:style/Theme.Black.NoTitleBar" />
236-->src/main/AndroidManifest.xml:206:13-66
237        <activity
237-->src/main/AndroidManifest.xml:207:9-211:69
238            android:name="com.ticketpro.parking.dar.AdministrativeForm"
238-->src/main/AndroidManifest.xml:208:13-51
239            android:exported="false"
239-->src/main/AndroidManifest.xml:209:13-37
240            android:screenOrientation="portrait"
240-->src/main/AndroidManifest.xml:210:13-49
241            android:theme="@android:style/Theme.Black.NoTitleBar" />
241-->src/main/AndroidManifest.xml:211:13-66
242        <activity
242-->src/main/AndroidManifest.xml:212:9-216:69
243            android:name="com.ticketpro.parking.dar.SignCheck"
243-->src/main/AndroidManifest.xml:213:13-42
244            android:exported="false"
244-->src/main/AndroidManifest.xml:214:13-37
245            android:screenOrientation="portrait"
245-->src/main/AndroidManifest.xml:215:13-49
246            android:theme="@android:style/Theme.Black.NoTitleBar" />
246-->src/main/AndroidManifest.xml:216:13-66
247        <activity
247-->src/main/AndroidManifest.xml:217:9-221:69
248            android:name="com.ticketpro.parking.dar.BreakLunch"
248-->src/main/AndroidManifest.xml:218:13-43
249            android:exported="false"
249-->src/main/AndroidManifest.xml:219:13-37
250            android:screenOrientation="portrait"
250-->src/main/AndroidManifest.xml:220:13-49
251            android:theme="@android:style/Theme.Black.NoTitleBar" />
251-->src/main/AndroidManifest.xml:221:13-66
252        <activity
252-->src/main/AndroidManifest.xml:222:9-226:69
253            android:name="com.ticketpro.parking.dar.FieldContract"
253-->src/main/AndroidManifest.xml:223:13-46
254            android:exported="false"
254-->src/main/AndroidManifest.xml:224:13-37
255            android:screenOrientation="portrait"
255-->src/main/AndroidManifest.xml:225:13-49
256            android:theme="@android:style/Theme.Black.NoTitleBar" />
256-->src/main/AndroidManifest.xml:226:13-66
257        <activity
257-->src/main/AndroidManifest.xml:227:9-231:69
258            android:name="com.ticketpro.parking.dar.SchoolPatrol"
258-->src/main/AndroidManifest.xml:228:13-45
259            android:exported="false"
259-->src/main/AndroidManifest.xml:229:13-37
260            android:screenOrientation="portrait"
260-->src/main/AndroidManifest.xml:230:13-49
261            android:theme="@android:style/Theme.Black.NoTitleBar" />
261-->src/main/AndroidManifest.xml:231:13-66
262        <activity
262-->src/main/AndroidManifest.xml:232:9-236:69
263            android:name="com.ticketpro.parking.dar.TowSupport"
263-->src/main/AndroidManifest.xml:233:13-43
264            android:exported="false"
264-->src/main/AndroidManifest.xml:234:13-37
265            android:screenOrientation="portrait"
265-->src/main/AndroidManifest.xml:235:13-49
266            android:theme="@android:style/Theme.Black.NoTitleBar" />
266-->src/main/AndroidManifest.xml:236:13-66
267        <activity
267-->src/main/AndroidManifest.xml:237:9-242:58
268            android:name="com.ticketpro.parking.dar.TaskForm22500"
268-->src/main/AndroidManifest.xml:238:13-46
269            android:exported="false"
269-->src/main/AndroidManifest.xml:239:13-37
270            android:screenOrientation="portrait"
270-->src/main/AndroidManifest.xml:240:13-49
271            android:theme="@android:style/Theme.Black.NoTitleBar"
271-->src/main/AndroidManifest.xml:241:13-66
272            android:windowSoftInputMode="stateVisible" />
272-->src/main/AndroidManifest.xml:242:13-55
273        <activity
273-->src/main/AndroidManifest.xml:243:9-247:69
274            android:name="com.ticketpro.parking.dar.OffsiteNonEnforcement"
274-->src/main/AndroidManifest.xml:244:13-54
275            android:exported="true"
275-->src/main/AndroidManifest.xml:245:13-36
276            android:screenOrientation="portrait"
276-->src/main/AndroidManifest.xml:246:13-49
277            android:theme="@android:style/Theme.Black.NoTitleBar" />
277-->src/main/AndroidManifest.xml:247:13-66
278        <activity
278-->src/main/AndroidManifest.xml:248:9-252:74
279            android:name="com.ticketpro.parking.dar.DarVehicleListAndTask"
279-->src/main/AndroidManifest.xml:249:13-54
280            android:exported="true"
280-->src/main/AndroidManifest.xml:250:13-36
281            android:screenOrientation="portrait"
281-->src/main/AndroidManifest.xml:251:13-49
282            android:theme="@android:style/Theme.NoTitleBar.Fullscreen" />
282-->src/main/AndroidManifest.xml:252:13-71
283        <activity
283-->src/main/AndroidManifest.xml:253:9-257:74
284            android:name="com.ticketpro.parking.dar.DarVehicleListActivity"
284-->src/main/AndroidManifest.xml:254:13-55
285            android:exported="true"
285-->src/main/AndroidManifest.xml:255:13-36
286            android:screenOrientation="portrait"
286-->src/main/AndroidManifest.xml:256:13-49
287            android:theme="@android:style/Theme.NoTitleBar.Fullscreen" />
287-->src/main/AndroidManifest.xml:257:13-71
288        <activity
288-->src/main/AndroidManifest.xml:258:9-262:69
289            android:name="com.ticketpro.parking.dar.DarLocationAndTask"
289-->src/main/AndroidManifest.xml:259:13-51
290            android:exported="true"
290-->src/main/AndroidManifest.xml:260:13-36
291            android:screenOrientation="portrait"
291-->src/main/AndroidManifest.xml:261:13-49
292            android:theme="@android:style/Theme.Black.NoTitleBar" />
292-->src/main/AndroidManifest.xml:262:13-66
293        <activity